<?xml version="1.0" encoding="UTF-8"?>
<coverage generated="1761748015215" clover="3.2.0">
  <project timestamp="1761748015215" name="All files">
    <metrics statements="49" coveredstatements="46" conditionals="30" coveredconditionals="28" methods="5" coveredmethods="4" elements="84" coveredelements="78" complexity="0" loc="49" ncloc="49" packages="1" files="1" classes="1"/>
    <file name="romanos.js" path="C:\Users\Sol\numeros-romanos-SolDF33\romanos.js">
      <metrics statements="49" coveredstatements="46" conditionals="30" coveredconditionals="28" methods="5" coveredmethods="4"/>
      <line num="2" count="1" type="stmt"/>
      <line num="3" count="1" type="stmt"/>
      <line num="4" count="1" type="stmt"/>
      <line num="15" count="13" type="cond" truecount="4" falsecount="0"/>
      <line num="16" count="3" type="stmt"/>
      <line num="20" count="10" type="stmt"/>
      <line num="26" count="10" type="stmt"/>
      <line num="27" count="10" type="stmt"/>
      <line num="30" count="10" type="stmt"/>
      <line num="31" count="130" type="stmt"/>
      <line num="32" count="19" type="stmt"/>
      <line num="33" count="19" type="stmt"/>
      <line num="37" count="10" type="stmt"/>
      <line num="47" count="10" type="cond" truecount="3" falsecount="1"/>
      <line num="48" count="0" type="stmt"/>
      <line num="51" count="10" type="stmt"/>
      <line num="54" count="10" type="stmt"/>
      <line num="56" count="10" type="cond" truecount="2" falsecount="0"/>
      <line num="57" count="3" type="stmt"/>
      <line num="61" count="7" type="stmt"/>
      <line num="66" count="7" type="stmt"/>
      <line num="69" count="7" type="stmt"/>
      <line num="70" count="16" type="stmt"/>
      <line num="71" count="16" type="stmt"/>
      <line num="74" count="16" type="cond" truecount="4" falsecount="0"/>
      <line num="75" count="9" type="stmt"/>
      <line num="76" count="9" type="stmt"/>
      <line num="78" count="7" type="stmt"/>
      <line num="82" count="7" type="stmt"/>
      <line num="88" count="1" type="stmt"/>
      <line num="90" count="3" type="stmt"/>
      <line num="93" count="3" type="cond" truecount="4" falsecount="0"/>
      <line num="94" count="1" type="stmt"/>
      <line num="98" count="2" type="stmt"/>
      <line num="101" count="2" type="cond" truecount="4" falsecount="0"/>
      <line num="102" count="1" type="stmt"/>
      <line num="106" count="1" type="stmt"/>
      <line num="110" count="1" type="stmt"/>
      <line num="111" count="3" type="stmt"/>
      <line num="114" count="3" type="cond" truecount="2" falsecount="0"/>
      <line num="115" count="1" type="stmt"/>
      <line num="119" count="2" type="stmt"/>
      <line num="122" count="2" type="cond" truecount="4" falsecount="0"/>
      <line num="123" count="1" type="stmt"/>
      <line num="127" count="1" type="stmt"/>
      <line num="131" count="1" type="stmt"/>
      <line num="134" count="1" type="cond" truecount="1" falsecount="1"/>
      <line num="135" count="0" type="stmt"/>
      <line num="136" count="0" type="stmt"/>
    </file>
  </project>
</coverage>
