{"C:\\Users\\Sol\\numeros-romanos-SolDF33\\converter.js": {"path":"C:\\Users\\Sol\\numeros-romanos-SolDF33\\converter.js","statementMap":{"0":{"start":{"line":2,"column":18},"end":{"line":6,"column":2}},"1":{"start":{"line":15,"column":4},"end":{"line":17,"column":5}},"2":{"start":{"line":16,"column":8},"end":{"line":16,"column":72}},"3":{"start":{"line":19,"column":16},"end":{"line":19,"column":18}},"4":{"start":{"line":20,"column":14},"end":{"line":20,"column":20}},"5":{"start":{"line":21,"column":4},"end":{"line":26,"column":5}},"6":{"start":{"line":22,"column":8},"end":{"line":25,"column":9}},"7":{"start":{"line":23,"column":12},"end":{"line":23,"column":28}},"8":{"start":{"line":24,"column":12},"end":{"line":24,"column":25}},"9":{"start":{"line":27,"column":4},"end":{"line":27,"column":17}},"10":{"start":{"line":37,"column":4},"end":{"line":39,"column":5}},"11":{"start":{"line":38,"column":8},"end":{"line":38,"column":77}},"12":{"start":{"line":41,"column":27},"end":{"line":41,"column":46}},"13":{"start":{"line":42,"column":23},"end":{"line":42,"column":82}},"14":{"start":{"line":43,"column":4},"end":{"line":45,"column":5}},"15":{"start":{"line":44,"column":8},"end":{"line":44,"column":87}},"16":{"start":{"line":47,"column":25},"end":{"line":50,"column":5}},"17":{"start":{"line":52,"column":17},"end":{"line":52,"column":18}},"18":{"start":{"line":53,"column":4},"end":{"line":65,"column":5}},"19":{"start":{"line":53,"column":17},"end":{"line":53,"column":18}},"20":{"start":{"line":54,"column":24},"end":{"line":54,"column":55}},"21":{"start":{"line":55,"column":21},"end":{"line":55,"column":56}},"22":{"start":{"line":57,"column":8},"end":{"line":64,"column":9}},"23":{"start":{"line":58,"column":12},"end":{"line":58,"column":30}},"24":{"start":{"line":59,"column":15},"end":{"line":64,"column":9}},"25":{"start":{"line":60,"column":12},"end":{"line":60,"column":39}},"26":{"start":{"line":61,"column":12},"end":{"line":61,"column":16}},"27":{"start":{"line":63,"column":12},"end":{"line":63,"column":30}},"28":{"start":{"line":66,"column":4},"end":{"line":66,"column":18}},"29":{"start":{"line":69,"column":0},"end":{"line":72,"column":2}}},"fnMap":{"0":{"name":"arabicToRoman","decl":{"start":{"line":14,"column":9},"end":{"line":14,"column":22}},"loc":{"start":{"line":14,"column":31},"end":{"line":28,"column":1}},"line":14},"1":{"name":"romanToArabic","decl":{"start":{"line":36,"column":9},"end":{"line":36,"column":22}},"loc":{"start":{"line":36,"column":30},"end":{"line":67,"column":1}},"line":36}},"branchMap":{"0":{"loc":{"start":{"line":15,"column":4},"end":{"line":17,"column":5}},"type":"if","locations":[{"start":{"line":15,"column":4},"end":{"line":17,"column":5}},{"start":{},"end":{}}],"line":15},"1":{"loc":{"start":{"line":15,"column":8},"end":{"line":15,"column":95}},"type":"binary-expr","locations":[{"start":{"line":15,"column":8},"end":{"line":15,"column":34}},{"start":{"line":15,"column":38},"end":{"line":15,"column":49}},{"start":{"line":15,"column":53},"end":{"line":15,"column":66}},{"start":{"line":15,"column":70},"end":{"line":15,"column":95}}],"line":15},"2":{"loc":{"start":{"line":37,"column":4},"end":{"line":39,"column":5}},"type":"if","locations":[{"start":{"line":37,"column":4},"end":{"line":39,"column":5}},{"start":{},"end":{}}],"line":37},"3":{"loc":{"start":{"line":37,"column":8},"end":{"line":37,"column":55}},"type":"binary-expr","locations":[{"start":{"line":37,"column":8},"end":{"line":37,"column":33}},{"start":{"line":37,"column":37},"end":{"line":37,"column":55}}],"line":37},"4":{"loc":{"start":{"line":43,"column":4},"end":{"line":45,"column":5}},"type":"if","locations":[{"start":{"line":43,"column":4},"end":{"line":45,"column":5}},{"start":{},"end":{}}],"line":43},"5":{"loc":{"start":{"line":57,"column":8},"end":{"line":64,"column":9}},"type":"if","locations":[{"start":{"line":57,"column":8},"end":{"line":64,"column":9}},{"start":{"line":59,"column":15},"end":{"line":64,"column":9}}],"line":57},"6":{"loc":{"start":{"line":59,"column":15},"end":{"line":64,"column":9}},"type":"if","locations":[{"start":{"line":59,"column":15},"end":{"line":64,"column":9}},{"start":{"line":62,"column":15},"end":{"line":64,"column":9}}],"line":59}},"s":{"0":1,"1":11,"2":2,"3":9,"4":9,"5":9,"6":117,"7":18,"8":18,"9":9,"10":8,"11":0,"12":8,"13":8,"14":8,"15":2,"16":6,"17":6,"18":6,"19":6,"20":12,"21":12,"22":12,"23":1,"24":11,"25":6,"26":6,"27":5,"28":6,"29":1},"f":{"0":11,"1":8},"b":{"0":[2,9],"1":[11,11,10,9],"2":[0,8],"3":[8,8],"4":[2,6],"5":[1,11],"6":[6,5]},"_coverageSchema":"1a1c01bbd47fc00a2c39e90264f33305004495a9","hash":"e3c58a4983dd0da86b4f2ba8c396a4584e93c2df"}
,"C:\\Users\\Sol\\numeros-romanos-SolDF33\\romanos.js": {"path":"C:\\Users\\Sol\\numeros-romanos-SolDF33\\romanos.js","statementMap":{"0":{"start":{"line":1,"column":17},"end":{"line":1,"column":35}},"1":{"start":{"line":2,"column":12},"end":{"line":2,"column":21}},"2":{"start":{"line":5,"column":18},"end":{"line":9,"column":2}},"3":{"start":{"line":13,"column":4},"end":{"line":15,"column":5}},"4":{"start":{"line":14,"column":8},"end":{"line":14,"column":72}},"5":{"start":{"line":17,"column":16},"end":{"line":17,"column":18}},"6":{"start":{"line":18,"column":4},"end":{"line":23,"column":5}},"7":{"start":{"line":19,"column":8},"end":{"line":22,"column":9}},"8":{"start":{"line":20,"column":12},"end":{"line":20,"column":28}},"9":{"start":{"line":21,"column":12},"end":{"line":21,"column":28}},"10":{"start":{"line":24,"column":4},"end":{"line":24,"column":17}},"11":{"start":{"line":29,"column":4},"end":{"line":31,"column":5}},"12":{"start":{"line":30,"column":8},"end":{"line":30,"column":77}},"13":{"start":{"line":34,"column":23},"end":{"line":34,"column":82}},"14":{"start":{"line":35,"column":4},"end":{"line":37,"column":5}},"15":{"start":{"line":36,"column":8},"end":{"line":36,"column":87}},"16":{"start":{"line":39,"column":25},"end":{"line":42,"column":5}},"17":{"start":{"line":44,"column":17},"end":{"line":44,"column":18}},"18":{"start":{"line":45,"column":4},"end":{"line":55,"column":5}},"19":{"start":{"line":45,"column":17},"end":{"line":45,"column":18}},"20":{"start":{"line":46,"column":24},"end":{"line":46,"column":46}},"21":{"start":{"line":47,"column":21},"end":{"line":47,"column":47}},"22":{"start":{"line":49,"column":8},"end":{"line":54,"column":9}},"23":{"start":{"line":50,"column":12},"end":{"line":50,"column":39}},"24":{"start":{"line":51,"column":12},"end":{"line":51,"column":16}},"25":{"start":{"line":53,"column":12},"end":{"line":53,"column":30}},"26":{"start":{"line":56,"column":4},"end":{"line":56,"column":18}},"27":{"start":{"line":62,"column":0},"end":{"line":71,"column":3}},"28":{"start":{"line":63,"column":4},"end":{"line":70,"column":7}},"29":{"start":{"line":74,"column":0},"end":{"line":89,"column":3}},"30":{"start":{"line":75,"column":19},"end":{"line":75,"column":49}},"31":{"start":{"line":78,"column":4},"end":{"line":80,"column":5}},"32":{"start":{"line":79,"column":8},"end":{"line":79,"column":92}},"33":{"start":{"line":83,"column":4},"end":{"line":88,"column":5}},"34":{"start":{"line":84,"column":22},"end":{"line":84,"column":43}},"35":{"start":{"line":85,"column":8},"end":{"line":85,"column":47}},"36":{"start":{"line":87,"column":8},"end":{"line":87,"column":51}},"37":{"start":{"line":92,"column":0},"end":{"line":107,"column":3}},"38":{"start":{"line":93,"column":18},"end":{"line":93,"column":70}},"39":{"start":{"line":96,"column":4},"end":{"line":98,"column":5}},"40":{"start":{"line":97,"column":8},"end":{"line":97,"column":92}},"41":{"start":{"line":101,"column":4},"end":{"line":106,"column":5}},"42":{"start":{"line":102,"column":23},"end":{"line":102,"column":43}},"43":{"start":{"line":103,"column":8},"end":{"line":103,"column":49}},"44":{"start":{"line":105,"column":8},"end":{"line":105,"column":51}},"45":{"start":{"line":114,"column":0},"end":{"line":119,"column":1}},"46":{"start":{"line":115,"column":17},"end":{"line":115,"column":41}},"47":{"start":{"line":116,"column":4},"end":{"line":118,"column":7}},"48":{"start":{"line":117,"column":8},"end":{"line":117,"column":77}},"49":{"start":{"line":122,"column":0},"end":{"line":122,"column":21}}},"fnMap":{"0":{"name":"arabicToRoman","decl":{"start":{"line":12,"column":9},"end":{"line":12,"column":22}},"loc":{"start":{"line":12,"column":31},"end":{"line":25,"column":1}},"line":12},"1":{"name":"romanToArabic","decl":{"start":{"line":28,"column":9},"end":{"line":28,"column":22}},"loc":{"start":{"line":28,"column":30},"end":{"line":57,"column":1}},"line":28},"2":{"name":"(anonymous_2)","decl":{"start":{"line":62,"column":13},"end":{"line":62,"column":14}},"loc":{"start":{"line":62,"column":27},"end":{"line":71,"column":1}},"line":62},"3":{"name":"(anonymous_3)","decl":{"start":{"line":74,"column":16},"end":{"line":74,"column":17}},"loc":{"start":{"line":74,"column":30},"end":{"line":89,"column":1}},"line":74},"4":{"name":"(anonymous_4)","decl":{"start":{"line":92,"column":16},"end":{"line":92,"column":17}},"loc":{"start":{"line":92,"column":30},"end":{"line":107,"column":1}},"line":92},"5":{"name":"(anonymous_5)","decl":{"start":{"line":116,"column":21},"end":{"line":116,"column":22}},"loc":{"start":{"line":116,"column":27},"end":{"line":118,"column":5}},"line":116}},"branchMap":{"0":{"loc":{"start":{"line":13,"column":4},"end":{"line":15,"column":5}},"type":"if","locations":[{"start":{"line":13,"column":4},"end":{"line":15,"column":5}},{"start":{},"end":{}}],"line":13},"1":{"loc":{"start":{"line":13,"column":8},"end":{"line":13,"column":95}},"type":"binary-expr","locations":[{"start":{"line":13,"column":8},"end":{"line":13,"column":34}},{"start":{"line":13,"column":38},"end":{"line":13,"column":49}},{"start":{"line":13,"column":53},"end":{"line":13,"column":66}},{"start":{"line":13,"column":70},"end":{"line":13,"column":95}}],"line":13},"2":{"loc":{"start":{"line":29,"column":4},"end":{"line":31,"column":5}},"type":"if","locations":[{"start":{"line":29,"column":4},"end":{"line":31,"column":5}},{"start":{},"end":{}}],"line":29},"3":{"loc":{"start":{"line":29,"column":8},"end":{"line":29,"column":55}},"type":"binary-expr","locations":[{"start":{"line":29,"column":8},"end":{"line":29,"column":33}},{"start":{"line":29,"column":37},"end":{"line":29,"column":55}}],"line":29},"4":{"loc":{"start":{"line":35,"column":4},"end":{"line":37,"column":5}},"type":"if","locations":[{"start":{"line":35,"column":4},"end":{"line":37,"column":5}},{"start":{},"end":{}}],"line":35},"5":{"loc":{"start":{"line":49,"column":8},"end":{"line":54,"column":9}},"type":"if","locations":[{"start":{"line":49,"column":8},"end":{"line":54,"column":9}},{"start":{"line":52,"column":15},"end":{"line":54,"column":9}}],"line":49},"6":{"loc":{"start":{"line":78,"column":4},"end":{"line":80,"column":5}},"type":"if","locations":[{"start":{"line":78,"column":4},"end":{"line":80,"column":5}},{"start":{},"end":{}}],"line":78},"7":{"loc":{"start":{"line":93,"column":18},"end":{"line":93,"column":70}},"type":"cond-expr","locations":[{"start":{"line":93,"column":36},"end":{"line":93,"column":65}},{"start":{"line":93,"column":68},"end":{"line":93,"column":70}}],"line":93},"8":{"loc":{"start":{"line":96,"column":4},"end":{"line":98,"column":5}},"type":"if","locations":[{"start":{"line":96,"column":4},"end":{"line":98,"column":5}},{"start":{},"end":{}}],"line":96},"9":{"loc":{"start":{"line":114,"column":0},"end":{"line":119,"column":1}},"type":"if","locations":[{"start":{"line":114,"column":0},"end":{"line":119,"column":1}},{"start":{},"end":{}}],"line":114},"10":{"loc":{"start":{"line":115,"column":17},"end":{"line":115,"column":41}},"type":"binary-expr","locations":[{"start":{"line":115,"column":17},"end":{"line":115,"column":33}},{"start":{"line":115,"column":37},"end":{"line":115,"column":41}}],"line":115}},"s":{"0":1,"1":1,"2":1,"3":2,"4":1,"5":1,"6":1,"7":13,"8":1,"9":1,"10":1,"11":2,"12":0,"13":2,"14":2,"15":1,"16":1,"17":1,"18":1,"19":1,"20":4,"21":4,"22":4,"23":3,"24":3,"25":1,"26":1,"27":1,"28":0,"29":1,"30":3,"31":3,"32":1,"33":2,"34":2,"35":1,"36":1,"37":1,"38":3,"39":3,"40":1,"41":2,"42":2,"43":1,"44":1,"45":1,"46":0,"47":0,"48":0,"49":1},"f":{"0":2,"1":2,"2":0,"3":3,"4":3,"5":0},"b":{"0":[1,1],"1":[2,2,2,1],"2":[0,2],"3":[2,2],"4":[1,1],"5":[3,1],"6":[1,2],"7":[2,1],"8":[1,2],"9":[0,1],"10":[0,0]},"_coverageSchema":"1a1c01bbd47fc00a2c39e90264f33305004495a9","hash":"5f4cecac11b5e414999e59e4dee6a9d66d210243"}
}
