{"C:\\Users\\Sol\\numeros-romanos-SolDF33\\romanos.js": {"path":"C:\\Users\\Sol\\numeros-romanos-SolDF33\\romanos.js","statementMap":{"0":{"start":{"line":2,"column":16},"end":{"line":2,"column":34}},"1":{"start":{"line":3,"column":12},"end":{"line":3,"column":21}},"2":{"start":{"line":4,"column":13},"end":{"line":4,"column":17}},"3":{"start":{"line":15,"column":4},"end":{"line":17,"column":5}},"4":{"start":{"line":16,"column":8},"end":{"line":16,"column":54}},"5":{"start":{"line":20,"column":16},"end":{"line":24,"column":5}},"6":{"start":{"line":26,"column":17},"end":{"line":26,"column":19}},"7":{"start":{"line":27,"column":14},"end":{"line":27,"column":26}},"8":{"start":{"line":30,"column":4},"end":{"line":35,"column":5}},"9":{"start":{"line":31,"column":8},"end":{"line":34,"column":9}},"10":{"start":{"line":32,"column":12},"end":{"line":32,"column":29}},"11":{"start":{"line":33,"column":12},"end":{"line":33,"column":25}},"12":{"start":{"line":37,"column":4},"end":{"line":37,"column":18}},"13":{"start":{"line":47,"column":4},"end":{"line":49,"column":5}},"14":{"start":{"line":48,"column":8},"end":{"line":48,"column":42}},"15":{"start":{"line":51,"column":18},"end":{"line":51,"column":43}},"16":{"start":{"line":54,"column":23},"end":{"line":54,"column":81}},"17":{"start":{"line":56,"column":4},"end":{"line":58,"column":5}},"18":{"start":{"line":57,"column":8},"end":{"line":57,"column":42}},"19":{"start":{"line":61,"column":16},"end":{"line":64,"column":5}},"20":{"start":{"line":66,"column":17},"end":{"line":66,"column":18}},"21":{"start":{"line":69,"column":4},"end":{"line":80,"column":5}},"22":{"start":{"line":69,"column":17},"end":{"line":69,"column":18}},"23":{"start":{"line":70,"column":27},"end":{"line":70,"column":40}},"24":{"start":{"line":71,"column":24},"end":{"line":71,"column":41}},"25":{"start":{"line":74,"column":8},"end":{"line":79,"column":9}},"26":{"start":{"line":75,"column":12},"end":{"line":75,"column":43}},"27":{"start":{"line":76,"column":12},"end":{"line":76,"column":16}},"28":{"start":{"line":78,"column":12},"end":{"line":78,"column":33}},"29":{"start":{"line":82,"column":4},"end":{"line":82,"column":18}},"30":{"start":{"line":88,"column":0},"end":{"line":107,"column":3}},"31":{"start":{"line":90,"column":19},"end":{"line":90,"column":45}},"32":{"start":{"line":93,"column":4},"end":{"line":95,"column":5}},"33":{"start":{"line":94,"column":8},"end":{"line":94,"column":104}},"34":{"start":{"line":98,"column":18},"end":{"line":98,"column":39}},"35":{"start":{"line":101,"column":4},"end":{"line":103,"column":5}},"36":{"start":{"line":102,"column":8},"end":{"line":102,"column":54}},"37":{"start":{"line":106,"column":4},"end":{"line":106,"column":50}},"38":{"start":{"line":110,"column":0},"end":{"line":128,"column":3}},"39":{"start":{"line":111,"column":18},"end":{"line":111,"column":33}},"40":{"start":{"line":114,"column":4},"end":{"line":116,"column":5}},"41":{"start":{"line":115,"column":8},"end":{"line":115,"column":82}},"42":{"start":{"line":119,"column":19},"end":{"line":119,"column":39}},"43":{"start":{"line":122,"column":4},"end":{"line":124,"column":5}},"44":{"start":{"line":123,"column":8},"end":{"line":123,"column":55}},"45":{"start":{"line":127,"column":4},"end":{"line":127,"column":52}},"46":{"start":{"line":131,"column":0},"end":{"line":131,"column":55}},"47":{"start":{"line":134,"column":0},"end":{"line":138,"column":1}},"48":{"start":{"line":135,"column":4},"end":{"line":137,"column":7}},"49":{"start":{"line":136,"column":8},"end":{"line":136,"column":89}}},"fnMap":{"0":{"name":"arabicToRoman","decl":{"start":{"line":13,"column":9},"end":{"line":13,"column":22}},"loc":{"start":{"line":13,"column":37},"end":{"line":38,"column":1}},"line":13},"1":{"name":"romanToArabic","decl":{"start":{"line":46,"column":9},"end":{"line":46,"column":22}},"loc":{"start":{"line":46,"column":36},"end":{"line":83,"column":1}},"line":46},"2":{"name":"(anonymous_2)","decl":{"start":{"line":88,"column":16},"end":{"line":88,"column":17}},"loc":{"start":{"line":88,"column":30},"end":{"line":107,"column":1}},"line":88},"3":{"name":"(anonymous_3)","decl":{"start":{"line":110,"column":16},"end":{"line":110,"column":17}},"loc":{"start":{"line":110,"column":30},"end":{"line":128,"column":1}},"line":110},"4":{"name":"(anonymous_4)","decl":{"start":{"line":135,"column":21},"end":{"line":135,"column":22}},"loc":{"start":{"line":135,"column":27},"end":{"line":137,"column":5}},"line":135}},"branchMap":{"0":{"loc":{"start":{"line":15,"column":4},"end":{"line":17,"column":5}},"type":"if","locations":[{"start":{"line":15,"column":4},"end":{"line":17,"column":5}},{"start":{},"end":{}}],"line":15},"1":{"loc":{"start":{"line":15,"column":8},"end":{"line":15,"column":47}},"type":"binary-expr","locations":[{"start":{"line":15,"column":8},"end":{"line":15,"column":24}},{"start":{"line":15,"column":28},"end":{"line":15,"column":47}}],"line":15},"2":{"loc":{"start":{"line":47,"column":4},"end":{"line":49,"column":5}},"type":"if","locations":[{"start":{"line":47,"column":4},"end":{"line":49,"column":5}},{"start":{},"end":{}}],"line":47},"3":{"loc":{"start":{"line":47,"column":8},"end":{"line":47,"column":55}},"type":"binary-expr","locations":[{"start":{"line":47,"column":8},"end":{"line":47,"column":20}},{"start":{"line":47,"column":24},"end":{"line":47,"column":55}}],"line":47},"4":{"loc":{"start":{"line":56,"column":4},"end":{"line":58,"column":5}},"type":"if","locations":[{"start":{"line":56,"column":4},"end":{"line":58,"column":5}},{"start":{},"end":{}}],"line":56},"5":{"loc":{"start":{"line":74,"column":8},"end":{"line":79,"column":9}},"type":"if","locations":[{"start":{"line":74,"column":8},"end":{"line":79,"column":9}},{"start":{"line":77,"column":15},"end":{"line":79,"column":9}}],"line":74},"6":{"loc":{"start":{"line":74,"column":12},"end":{"line":74,"column":43}},"type":"binary-expr","locations":[{"start":{"line":74,"column":12},"end":{"line":74,"column":19}},{"start":{"line":74,"column":23},"end":{"line":74,"column":43}}],"line":74},"7":{"loc":{"start":{"line":93,"column":4},"end":{"line":95,"column":5}},"type":"if","locations":[{"start":{"line":93,"column":4},"end":{"line":95,"column":5}},{"start":{},"end":{}}],"line":93},"8":{"loc":{"start":{"line":93,"column":8},"end":{"line":93,"column":55}},"type":"binary-expr","locations":[{"start":{"line":93,"column":8},"end":{"line":93,"column":21}},{"start":{"line":93,"column":25},"end":{"line":93,"column":55}}],"line":93},"9":{"loc":{"start":{"line":101,"column":4},"end":{"line":103,"column":5}},"type":"if","locations":[{"start":{"line":101,"column":4},"end":{"line":103,"column":5}},{"start":{},"end":{}}],"line":101},"10":{"loc":{"start":{"line":101,"column":8},"end":{"line":101,"column":71}},"type":"binary-expr","locations":[{"start":{"line":101,"column":8},"end":{"line":101,"column":33}},{"start":{"line":101,"column":37},"end":{"line":101,"column":71}}],"line":101},"11":{"loc":{"start":{"line":114,"column":4},"end":{"line":116,"column":5}},"type":"if","locations":[{"start":{"line":114,"column":4},"end":{"line":116,"column":5}},{"start":{},"end":{}}],"line":114},"12":{"loc":{"start":{"line":122,"column":4},"end":{"line":124,"column":5}},"type":"if","locations":[{"start":{"line":122,"column":4},"end":{"line":124,"column":5}},{"start":{},"end":{}}],"line":122},"13":{"loc":{"start":{"line":122,"column":8},"end":{"line":122,"column":65}},"type":"binary-expr","locations":[{"start":{"line":122,"column":8},"end":{"line":122,"column":34}},{"start":{"line":122,"column":38},"end":{"line":122,"column":65}}],"line":122},"14":{"loc":{"start":{"line":134,"column":0},"end":{"line":138,"column":1}},"type":"if","locations":[{"start":{"line":134,"column":0},"end":{"line":138,"column":1}},{"start":{},"end":{}}],"line":134}},"s":{"0":1,"1":1,"2":1,"3":13,"4":3,"5":10,"6":10,"7":10,"8":10,"9":130,"10":19,"11":19,"12":10,"13":10,"14":0,"15":10,"16":10,"17":10,"18":3,"19":7,"20":7,"21":7,"22":7,"23":16,"24":16,"25":16,"26":9,"27":9,"28":7,"29":7,"30":1,"31":3,"32":3,"33":1,"34":2,"35":2,"36":1,"37":1,"38":1,"39":3,"40":3,"41":1,"42":2,"43":2,"44":1,"45":1,"46":1,"47":1,"48":0,"49":0},"f":{"0":13,"1":10,"2":3,"3":3,"4":0},"b":{"0":[3,10],"1":[13,12],"2":[0,10],"3":[10,10],"4":[3,7],"5":[9,7],"6":[16,13],"7":[1,2],"8":[3,2],"9":[1,1],"10":[2,2],"11":[1,2],"12":[1,1],"13":[2,1],"14":[0,1]},"_coverageSchema":"1a1c01bbd47fc00a2c39e90264f33305004495a9","hash":"7788b4f36fc6eee7303ae6e6c47466c05807c95c"}
}
