TN:
SF:romanos.js
FN:13,arabicToRoman
FN:46,romanToArabic
FN:88,(anonymous_2)
FN:110,(anonymous_3)
FN:135,(anonymous_4)
FNF:5
FNH:4
FNDA:13,arabicToRoman
FNDA:10,romanToArabic
FNDA:3,(anonymous_2)
FNDA:3,(anonymous_3)
FNDA:0,(anonymous_4)
DA:2,1
DA:3,1
DA:4,1
DA:15,13
DA:16,3
DA:20,10
DA:26,10
DA:27,10
DA:30,10
DA:31,130
DA:32,19
DA:33,19
DA:37,10
DA:47,10
DA:48,0
DA:51,10
DA:54,10
DA:56,10
DA:57,3
DA:61,7
DA:66,7
DA:69,7
DA:70,16
DA:71,16
DA:74,16
DA:75,9
DA:76,9
DA:78,7
DA:82,7
DA:88,1
DA:90,3
DA:93,3
DA:94,1
DA:98,2
DA:101,2
DA:102,1
DA:106,1
DA:110,1
DA:111,3
DA:114,3
DA:115,1
DA:119,2
DA:122,2
DA:123,1
DA:127,1
DA:131,1
DA:134,1
DA:135,0
DA:136,0
LF:49
LH:46
BRDA:15,0,0,3
BRDA:15,0,1,10
BRDA:15,1,0,13
BRDA:15,1,1,12
BRDA:47,2,0,0
BRDA:47,2,1,10
BRDA:47,3,0,10
BRDA:47,3,1,10
BRDA:56,4,0,3
BRDA:56,4,1,7
BRDA:74,5,0,9
BRDA:74,5,1,7
BRDA:74,6,0,16
BRDA:74,6,1,13
BRDA:93,7,0,1
BRDA:93,7,1,2
BRDA:93,8,0,3
BRDA:93,8,1,2
BRDA:101,9,0,1
BRDA:101,9,1,1
BRDA:101,10,0,2
BRDA:101,10,1,2
BRDA:114,11,0,1
BRDA:114,11,1,2
BRDA:122,12,0,1
BRDA:122,12,1,1
BRDA:122,13,0,2
BRDA:122,13,1,1
BRDA:134,14,0,0
BRDA:134,14,1,1
BRF:30
BRH:28
end_of_record
