TN:
SF:converter.js
FN:14,arabicToRoman
FN:36,romanToArabic
FNF:2
FNH:2
FNDA:11,arabicToRoman
FNDA:8,romanToArabic
DA:2,1
DA:15,11
DA:16,2
DA:19,9
DA:20,9
DA:21,9
DA:22,117
DA:23,18
DA:24,18
DA:27,9
DA:37,8
DA:38,0
DA:41,8
DA:42,8
DA:43,8
DA:44,2
DA:47,6
DA:52,6
DA:53,6
DA:54,12
DA:55,12
DA:57,12
DA:58,1
DA:59,11
DA:60,6
DA:61,6
DA:63,5
DA:66,6
DA:69,1
LF:29
LH:28
BRDA:15,0,0,2
BRDA:15,0,1,9
BRDA:15,1,0,11
BRDA:15,1,1,11
BRDA:15,1,2,10
BRDA:15,1,3,9
BRDA:37,2,0,0
BRDA:37,2,1,8
BRDA:37,3,0,8
BRDA:37,3,1,8
BRDA:43,4,0,2
BRDA:43,4,1,6
BRDA:57,5,0,1
BRDA:57,5,1,11
BRDA:59,6,0,6
BRDA:59,6,1,5
BRF:16
BRH:15
end_of_record
TN:
SF:romanos.js
FN:12,arabicToRoman
FN:28,romanToArabic
FN:62,(anonymous_2)
FN:74,(anonymous_3)
FN:92,(anonymous_4)
FN:116,(anonymous_5)
FNF:6
FNH:4
FNDA:2,arabicToRoman
FNDA:2,romanToArabic
FNDA:0,(anonymous_2)
FNDA:3,(anonymous_3)
FNDA:3,(anonymous_4)
FNDA:0,(anonymous_5)
DA:1,1
DA:2,1
DA:5,1
DA:13,2
DA:14,1
DA:17,1
DA:18,1
DA:19,13
DA:20,1
DA:21,1
DA:24,1
DA:29,2
DA:30,0
DA:34,2
DA:35,2
DA:36,1
DA:39,1
DA:44,1
DA:45,1
DA:46,4
DA:47,4
DA:49,4
DA:50,3
DA:51,3
DA:53,1
DA:56,1
DA:62,1
DA:63,0
DA:74,1
DA:75,3
DA:78,3
DA:79,1
DA:83,2
DA:84,2
DA:85,1
DA:87,1
DA:92,1
DA:93,3
DA:96,3
DA:97,1
DA:101,2
DA:102,2
DA:103,1
DA:105,1
DA:114,1
DA:115,0
DA:116,0
DA:117,0
DA:122,1
LF:49
LH:44
BRDA:13,0,0,1
BRDA:13,0,1,1
BRDA:13,1,0,2
BRDA:13,1,1,2
BRDA:13,1,2,2
BRDA:13,1,3,1
BRDA:29,2,0,0
BRDA:29,2,1,2
BRDA:29,3,0,2
BRDA:29,3,1,2
BRDA:35,4,0,1
BRDA:35,4,1,1
BRDA:49,5,0,3
BRDA:49,5,1,1
BRDA:78,6,0,1
BRDA:78,6,1,2
BRDA:93,7,0,2
BRDA:93,7,1,1
BRDA:96,8,0,1
BRDA:96,8,1,2
BRDA:114,9,0,0
BRDA:114,9,1,1
BRDA:115,10,0,0
BRDA:115,10,1,0
BRF:24
BRH:20
end_of_record
